<?xml version="1.0" encoding="UTF-8"?>
<!-- Generated by org.testng.reporters.JUnitReportReporter -->
<testsuite skipped="0" hostname="ma-MS-7972" name="com.tsa.ra.testcase.RaTestCase" tests="1" failures="0" timestamp="2019-08-27T18:16:16 CST" time="1.129" errors="0">
  <testcase name="caTest" time="1.129" classname="com.tsa.ra.testcase.RaTestCase"/>
</testsuite> <!-- com.tsa.ra.testcase.RaTestCase -->
