<?xml version="1.0" encoding="UTF-8"?>
<!-- Generated by org.testng.reporters.JUnitReportReporter -->
<testsuite skipped="1" hostname="ma-MS-7972" name="com.tsa.ra.testcase.RaTestCase" tests="1" failures="0" timestamp="2019-09-26T18:00:30 CST" time="0.000" errors="0">
  <testcase name="caTest" time="0.000" classname="com.tsa.ra.testcase.RaTestCase">
    <skipped/>
  </testcase> <!-- caTest -->
</testsuite> <!-- com.tsa.ra.testcase.RaTestCase -->
